build/app/intermediates/manifest_merge_blame_file/release/manifest-merger-blame-release-report.txt
1<?xml version="1.0" encoding="utf-8"?>
2<manifest xmlns:android="http://schemas.android.com/apk/res/android"
3    package="com.islamic_rewards_tracker.app"
4    android:versionCode="1"
5    android:versionName="1.0.0" >
6
7    <uses-sdk
8        android:minSdkVersion="21"
9        android:targetSdkVersion="35" />
10    <!--
11         io.flutter.app.FlutterApplication is an android.app.Application that
12         calls FlutterMain.startInitialization(this); in its onCreate method.
13         In most cases you can leave this as-is, but you if you want to provide
14         additional functionality it is fine to subclass or reimplement
15         FlutterApplication and put your custom class here.
16    -->
17    <uses-permission android:name="android.permission.INTERNET" />
17-->src\main\AndroidManifest.xml:7:5-66
17-->src\main\AndroidManifest.xml:7:22-64
18    <uses-permission android:name="android.permission.VIBRATE" />
18-->src\main\AndroidManifest.xml:8:5-65
18-->src\main\AndroidManifest.xml:8:22-63
19    <uses-permission android:name="android.permission.WAKE_LOCK" />
19-->src\main\AndroidManifest.xml:9:5-67
19-->src\main\AndroidManifest.xml:9:22-65
20    <uses-permission android:name="android.permission.RECEIVE_BOOT_COMPLETED" />
20-->src\main\AndroidManifest.xml:10:5-80
20-->src\main\AndroidManifest.xml:10:22-78
21    <uses-permission android:name="android.permission.SCHEDULE_EXACT_ALARM" />
21-->src\main\AndroidManifest.xml:11:5-78
21-->src\main\AndroidManifest.xml:11:22-76
22    <uses-permission android:name="android.permission.POST_NOTIFICATIONS" />
22-->src\main\AndroidManifest.xml:12:5-76
22-->src\main\AndroidManifest.xml:12:22-74
23    <uses-permission android:name="android.permission.FOREGROUND_SERVICE" />
23-->src\main\AndroidManifest.xml:13:5-76
23-->src\main\AndroidManifest.xml:13:22-74
24    <uses-permission android:name="android.permission.FOREGROUND_SERVICE_SPECIAL_USE" />
24-->src\main\AndroidManifest.xml:14:5-88
24-->src\main\AndroidManifest.xml:14:22-86
25    <uses-permission android:name="android.permission.REQUEST_IGNORE_BATTERY_OPTIMIZATIONS" />
25-->src\main\AndroidManifest.xml:15:5-94
25-->src\main\AndroidManifest.xml:15:22-92
26
27    <queries>
27-->src\main\AndroidManifest.xml:109:5-114:15
28        <intent>
28-->src\main\AndroidManifest.xml:110:9-113:18
29            <action android:name="android.intent.action.PROCESS_TEXT" />
29-->src\main\AndroidManifest.xml:111:13-72
29-->src\main\AndroidManifest.xml:111:21-70
30
31            <data android:mimeType="text/plain" />
31-->src\main\AndroidManifest.xml:112:13-50
31-->src\main\AndroidManifest.xml:112:19-48
32        </intent>
33    </queries>
34
35    <uses-permission android:name="android.permission.ACCESS_NETWORK_STATE" />
35-->[:connectivity_plus] AndroidManifest.xml:7:5-79
35-->[:connectivity_plus] AndroidManifest.xml:7:22-76
36
37    <permission
37-->[androidx.core:core:1.13.1] AndroidManifest.xml:22:5-24:47
38        android:name="com.islamic_rewards_tracker.app.DYNAMIC_RECEIVER_NOT_EXPORTED_PERMISSION"
38-->[androidx.core:core:1.13.1] AndroidManifest.xml:23:9-81
39        android:protectionLevel="signature" />
39-->[androidx.core:core:1.13.1] AndroidManifest.xml:24:9-44
40
41    <uses-permission android:name="com.islamic_rewards_tracker.app.DYNAMIC_RECEIVER_NOT_EXPORTED_PERMISSION" />
41-->[androidx.core:core:1.13.1] AndroidManifest.xml:26:5-97
41-->[androidx.core:core:1.13.1] AndroidManifest.xml:26:22-94
42
43    <application
44        android:name="android.app.Application"
44-->src\main\AndroidManifest.xml:19:13-46
45        android:appComponentFactory="androidx.core.app.CoreComponentFactory"
45-->[androidx.core:core:1.13.1] AndroidManifest.xml:28:18-86
46        android:enableOnBackInvokedCallback="true"
46-->src\main\AndroidManifest.xml:21:13-55
47        android:extractNativeLibs="true"
48        android:icon="@mipmap/ic_launcher"
48-->src\main\AndroidManifest.xml:20:13-47
49        android:label="@string/app_name" >
49-->src\main\AndroidManifest.xml:18:13-45
50        <activity
50-->src\main\AndroidManifest.xml:22:9-49:20
51            android:name="com.islamic_rewards_tracker.app.MainActivity"
51-->src\main\AndroidManifest.xml:23:17-45
52            android:configChanges="orientation|keyboardHidden|keyboard|screenSize|smallestScreenSize|locale|layoutDirection|fontScale|screenLayout|density|uiMode"
52-->src\main\AndroidManifest.xml:28:17-167
53            android:exported="true"
53-->src\main\AndroidManifest.xml:24:17-40
54            android:hardwareAccelerated="true"
54-->src\main\AndroidManifest.xml:29:17-51
55            android:launchMode="singleTop"
55-->src\main\AndroidManifest.xml:25:17-47
56            android:taskAffinity=""
56-->src\main\AndroidManifest.xml:26:17-40
57            android:theme="@style/LaunchTheme"
57-->src\main\AndroidManifest.xml:27:17-51
58            android:usesCleartextTraffic="true"
58-->src\main\AndroidManifest.xml:30:17-52
59            android:windowSoftInputMode="adjustResize" >
59-->src\main\AndroidManifest.xml:31:17-59
60
61            <!--
62                 Specifies an Android theme to apply to this Activity as soon as
63                 the Android process has started. This theme is visible to the user
64                 while the Flutter UI initializes. After that, this theme continues
65                 to determine the Window background behind the Flutter UI.
66            -->
67            <meta-data
67-->src\main\AndroidManifest.xml:36:13-39:15
68                android:name="io.flutter.embedding.android.NormalTheme"
68-->src\main\AndroidManifest.xml:37:21-76
69                android:resource="@style/NormalTheme" />
69-->src\main\AndroidManifest.xml:38:21-58
70            <!--
71                 Displays an Android View that continues showing the launch screen
72                 Drawable until Flutter paints its first frame, then this splash
73                 screen fades out. A splash screen is useful to avoid any visual
74                 gap between the end of Android's launch screen and the painting of
75                 Flutter's first frame.
76            -->
77            <intent-filter>
77-->src\main\AndroidManifest.xml:45:13-48:29
78                <action android:name="android.intent.action.MAIN" />
78-->src\main\AndroidManifest.xml:46:17-68
78-->src\main\AndroidManifest.xml:46:25-66
79
80                <category android:name="android.intent.category.LAUNCHER" />
80-->src\main\AndroidManifest.xml:47:17-76
80-->src\main\AndroidManifest.xml:47:27-74
81            </intent-filter>
82        </activity>
83
84        <!-- Reminder Receiver for exact alarms -->
85        <receiver
85-->src\main\AndroidManifest.xml:52:9-69:20
86            android:name="com.islamic_rewards_tracker.app.ReminderReceiver"
86-->src\main\AndroidManifest.xml:53:13-45
87            android:enabled="true"
87-->src\main\AndroidManifest.xml:54:13-35
88            android:exported="false" >
88-->src\main\AndroidManifest.xml:55:13-37
89            <intent-filter>
89-->src\main\AndroidManifest.xml:56:13-68:29
90                <action android:name="REMINDER_1000" />
90-->src\main\AndroidManifest.xml:57:17-56
90-->src\main\AndroidManifest.xml:57:25-53
91                <action android:name="REMINDER_1001" />
91-->src\main\AndroidManifest.xml:58:17-56
91-->src\main\AndroidManifest.xml:58:25-53
92                <action android:name="REMINDER_1002" />
92-->src\main\AndroidManifest.xml:59:17-56
92-->src\main\AndroidManifest.xml:59:25-53
93                <action android:name="REMINDER_1003" />
93-->src\main\AndroidManifest.xml:60:17-56
93-->src\main\AndroidManifest.xml:60:25-53
94                <action android:name="REMINDER_2000" />
94-->src\main\AndroidManifest.xml:61:17-56
94-->src\main\AndroidManifest.xml:61:25-53
95                <action android:name="REMINDER_2001" />
95-->src\main\AndroidManifest.xml:62:17-56
95-->src\main\AndroidManifest.xml:62:25-53
96                <action android:name="REMINDER_2002" />
96-->src\main\AndroidManifest.xml:63:17-56
96-->src\main\AndroidManifest.xml:63:25-53
97                <action android:name="REMINDER_2003" />
97-->src\main\AndroidManifest.xml:64:17-56
97-->src\main\AndroidManifest.xml:64:25-53
98                <action android:name="REMINDER_2004" />
98-->src\main\AndroidManifest.xml:65:17-56
98-->src\main\AndroidManifest.xml:65:25-53
99                <action android:name="REMINDER_3000" />
99-->src\main\AndroidManifest.xml:66:17-56
99-->src\main\AndroidManifest.xml:66:25-53
100                <action android:name="REMINDER_3001" />
100-->src\main\AndroidManifest.xml:67:17-56
100-->src\main\AndroidManifest.xml:67:25-53
101            </intent-filter>
102        </receiver>
103
104        <!-- Custom Boot Receiver for rescheduling notifications -->
105        <receiver
105-->src\main\AndroidManifest.xml:72:9-80:20
106            android:name="com.islamic_rewards_tracker.app.BootCompletedReceiver"
106-->src\main\AndroidManifest.xml:73:13-50
107            android:enabled="true"
107-->src\main\AndroidManifest.xml:74:13-35
108            android:exported="true" >
108-->src\main\AndroidManifest.xml:75:13-36
109            <intent-filter>
109-->src\main\AndroidManifest.xml:76:13-79:29
110                <action android:name="android.intent.action.BOOT_COMPLETED" />
110-->src\main\AndroidManifest.xml:77:17-78
110-->src\main\AndroidManifest.xml:77:25-76
111                <action android:name="android.intent.action.MY_PACKAGE_REPLACED" />
111-->src\main\AndroidManifest.xml:78:17-83
111-->src\main\AndroidManifest.xml:78:25-81
112            </intent-filter>
113        </receiver>
114
115        <!-- Daily Rescheduler Receiver (fires at 23:59) -->
116        <receiver
116-->src\main\AndroidManifest.xml:83:9-90:20
117            android:name="com.islamic_rewards_tracker.app.DailyRescheduleReceiver"
117-->src\main\AndroidManifest.xml:84:13-52
118            android:enabled="true"
118-->src\main\AndroidManifest.xml:85:13-35
119            android:exported="false" >
119-->src\main\AndroidManifest.xml:86:13-37
120            <intent-filter>
120-->src\main\AndroidManifest.xml:87:13-89:29
121                <action android:name="DAILY_RESCHEDULER" />
121-->src\main\AndroidManifest.xml:88:17-60
121-->src\main\AndroidManifest.xml:88:25-57
122            </intent-filter>
123        </receiver>
124
125        <!-- Existing plugin boot receiver (kept) -->
126        <receiver
126-->src\main\AndroidManifest.xml:93:9-101:20
127            android:name="com.dexterous.flutterlocalnotifications.ScheduledNotificationBootReceiver"
127-->src\main\AndroidManifest.xml:94:13-101
128            android:enabled="true"
128-->src\main\AndroidManifest.xml:95:13-35
129            android:exported="true" >
129-->src\main\AndroidManifest.xml:96:13-36
130            <intent-filter>
130-->src\main\AndroidManifest.xml:76:13-79:29
131                <action android:name="android.intent.action.BOOT_COMPLETED" />
131-->src\main\AndroidManifest.xml:77:17-78
131-->src\main\AndroidManifest.xml:77:25-76
132                <action android:name="android.intent.action.MY_PACKAGE_REPLACED" />
132-->src\main\AndroidManifest.xml:78:17-83
132-->src\main\AndroidManifest.xml:78:25-81
133            </intent-filter>
134        </receiver>
135
136        <!--
137             Don't delete the meta-data below.
138             This is used by the Flutter tool to generate GeneratedPluginRegistrant.java
139        -->
140        <meta-data
140-->src\main\AndroidManifest.xml:105:9-107:36
141            android:name="flutterEmbedding"
141-->src\main\AndroidManifest.xml:106:17-48
142            android:value="2" />
142-->src\main\AndroidManifest.xml:107:17-34
143
144        <uses-library
144-->[androidx.window:window:1.2.0] AndroidManifest.xml:23:9-25:40
145            android:name="androidx.window.extensions"
145-->[androidx.window:window:1.2.0] AndroidManifest.xml:24:13-54
146            android:required="false" />
146-->[androidx.window:window:1.2.0] AndroidManifest.xml:25:13-37
147        <uses-library
147-->[androidx.window:window:1.2.0] AndroidManifest.xml:26:9-28:40
148            android:name="androidx.window.sidecar"
148-->[androidx.window:window:1.2.0] AndroidManifest.xml:27:13-51
149            android:required="false" />
149-->[androidx.window:window:1.2.0] AndroidManifest.xml:28:13-37
150
151        <provider
151-->[androidx.emoji2:emoji2:1.2.0] AndroidManifest.xml:24:9-32:20
152            android:name="androidx.startup.InitializationProvider"
152-->[androidx.emoji2:emoji2:1.2.0] AndroidManifest.xml:25:13-67
153            android:authorities="com.islamic_rewards_tracker.app.androidx-startup"
153-->[androidx.emoji2:emoji2:1.2.0] AndroidManifest.xml:26:13-68
154            android:exported="false" >
154-->[androidx.emoji2:emoji2:1.2.0] AndroidManifest.xml:27:13-37
155            <meta-data
155-->[androidx.emoji2:emoji2:1.2.0] AndroidManifest.xml:29:13-31:52
156                android:name="androidx.emoji2.text.EmojiCompatInitializer"
156-->[androidx.emoji2:emoji2:1.2.0] AndroidManifest.xml:30:17-75
157                android:value="androidx.startup" />
157-->[androidx.emoji2:emoji2:1.2.0] AndroidManifest.xml:31:17-49
158            <meta-data
158-->[androidx.lifecycle:lifecycle-process:2.7.0] AndroidManifest.xml:29:13-31:52
159                android:name="androidx.lifecycle.ProcessLifecycleInitializer"
159-->[androidx.lifecycle:lifecycle-process:2.7.0] AndroidManifest.xml:30:17-78
160                android:value="androidx.startup" />
160-->[androidx.lifecycle:lifecycle-process:2.7.0] AndroidManifest.xml:31:17-49
161            <meta-data
161-->[androidx.profileinstaller:profileinstaller:1.3.1] AndroidManifest.xml:29:13-31:52
162                android:name="androidx.profileinstaller.ProfileInstallerInitializer"
162-->[androidx.profileinstaller:profileinstaller:1.3.1] AndroidManifest.xml:30:17-85
163                android:value="androidx.startup" />
163-->[androidx.profileinstaller:profileinstaller:1.3.1] AndroidManifest.xml:31:17-49
164        </provider>
165
166        <receiver
166-->[androidx.profileinstaller:profileinstaller:1.3.1] AndroidManifest.xml:34:9-52:20
167            android:name="androidx.profileinstaller.ProfileInstallReceiver"
167-->[androidx.profileinstaller:profileinstaller:1.3.1] AndroidManifest.xml:35:13-76
168            android:directBootAware="false"
168-->[androidx.profileinstaller:profileinstaller:1.3.1] AndroidManifest.xml:36:13-44
169            android:enabled="true"
169-->[androidx.profileinstaller:profileinstaller:1.3.1] AndroidManifest.xml:37:13-35
170            android:exported="true"
170-->[androidx.profileinstaller:profileinstaller:1.3.1] AndroidManifest.xml:38:13-36
171            android:permission="android.permission.DUMP" >
171-->[androidx.profileinstaller:profileinstaller:1.3.1] AndroidManifest.xml:39:13-57
172            <intent-filter>
172-->[androidx.profileinstaller:profileinstaller:1.3.1] AndroidManifest.xml:40:13-42:29
173                <action android:name="androidx.profileinstaller.action.INSTALL_PROFILE" />
173-->[androidx.profileinstaller:profileinstaller:1.3.1] AndroidManifest.xml:41:17-91
173-->[androidx.profileinstaller:profileinstaller:1.3.1] AndroidManifest.xml:41:25-88
174            </intent-filter>
175            <intent-filter>
175-->[androidx.profileinstaller:profileinstaller:1.3.1] AndroidManifest.xml:43:13-45:29
176                <action android:name="androidx.profileinstaller.action.SKIP_FILE" />
176-->[androidx.profileinstaller:profileinstaller:1.3.1] AndroidManifest.xml:44:17-85
176-->[androidx.profileinstaller:profileinstaller:1.3.1] AndroidManifest.xml:44:25-82
177            </intent-filter>
178            <intent-filter>
178-->[androidx.profileinstaller:profileinstaller:1.3.1] AndroidManifest.xml:46:13-48:29
179                <action android:name="androidx.profileinstaller.action.SAVE_PROFILE" />
179-->[androidx.profileinstaller:profileinstaller:1.3.1] AndroidManifest.xml:47:17-88
179-->[androidx.profileinstaller:profileinstaller:1.3.1] AndroidManifest.xml:47:25-85
180            </intent-filter>
181            <intent-filter>
181-->[androidx.profileinstaller:profileinstaller:1.3.1] AndroidManifest.xml:49:13-51:29
182                <action android:name="androidx.profileinstaller.action.BENCHMARK_OPERATION" />
182-->[androidx.profileinstaller:profileinstaller:1.3.1] AndroidManifest.xml:50:17-95
182-->[androidx.profileinstaller:profileinstaller:1.3.1] AndroidManifest.xml:50:25-92
183            </intent-filter>
184        </receiver>
185    </application>
186
187</manifest>